CMakeFiles/r2live.dir/src/estimator_node.cpp.oï¼šåœ¨å‡½æ•°â€˜void faster_lio::Timer::Evaluate<Fast_lio::ObsModel(faster_lio::state_ikfom&, esekfom::dyn_share_datastruct<double>&)::{lambda()#1}>(Fast_lio::ObsModel(faster_lio::state_ikfom&, esekfom::dyn_share_datastruct<double>&)::{lambda()#1}&&, std::__cxx11::basic_string<char, std::char_traits<char>, std::allocator<char> > const&)â€™ä¸­ï¼š
estimator_node.cpp:(.text._ZN10faster_lio5Timer8EvaluateIZN8Fast_lio8ObsModelERNS_11state_ikfomERN7esekfom20dyn_share_datastructIdEEEUlvE_EEvOT_RKNSt7__cxx1112basic_stringIcSt11char_traitsIcESaIcEEE[_ZN10faster_lio5Timer8EvaluateIZN8Fast_lio8ObsModelERNS_11state_ikfomERN7esekfom20dyn_share_datastructIdEEEUlvE_EEvOT_RKNSt7__cxx1112basic_stringIcSt11char_traitsIcESaIcEEE]+0x221)ï¼šå¯¹â€˜faster_lio::Timer::records_[abi:cxx11]â€™æœªå®šä¹‰çš„å¼•ç”¨
estimator_node.cpp:(.text._ZN10faster_lio5Timer8EvaluateIZN8Fast_lio8ObsModelERNS_11state_ikfomERN7esekfom20dyn_share_datastructIdEEEUlvE_EEvOT_RKNSt7__cxx1112basic_stringIcSt11char_traitsIcESaIcEEE[_ZN10faster_lio5Timer8EvaluateIZN8Fast_lio8ObsModelERNS_11state_ikfomERN7esekfom20dyn_share_datastructIdEEEUlvE_EEvOT_RKNSt7__cxx1112basic_stringIcSt11char_traitsIcESaIcEEE]+0x265)ï¼šå¯¹â€˜faster_lio::Timer::records_[abi:cxx11]â€™æœªå®šä¹‰çš„å¼•ç”¨
estimator_node.cpp:(.text._ZN10faster_lio5Timer8EvaluateIZN8Fast_lio8ObsModelERNS_11state_ikfomERN7esekfom20dyn_share_datastructIdEEEUlvE_EEvOT_RKNSt7__cxx1112basic_stringIcSt11char_traitsIcESaIcEEE[_ZN10faster_lio5Timer8EvaluateIZN8Fast_lio8ObsModelERNS_11state_ikfomERN7esekfom20dyn_share_datastructIdEEEUlvE_EEvOT_RKNSt7__cxx1112basic_stringIcSt11char_traitsIcESaIcEEE]+0x2e9)ï¼šå¯¹â€˜faster_lio::Timer::records_[abi:cxx11]â€™æœªå®šä¹‰çš„å¼•ç”¨
estimator_node.cpp:(.text._ZN10faster_lio5Timer8EvaluateIZN8Fast_lio8ObsModelERNS_11state_ikfomERN7esekfom20dyn_share_datastructIdEEEUlvE_EEvOT_RKNSt7__cxx1112basic_stringIcSt11char_traitsIcESaIcEEE[_ZN10faster_lio5Timer8EvaluateIZN8Fast_lio8ObsModelERNS_11state_ikfomERN7esekfom20dyn_share_datastructIdEEEUlvE_EEvOT_RKNSt7__cxx1112basic_stringIcSt11char_traitsIcESaIcEEE]+0x35d)ï¼šå¯¹â€˜faster_lio::Timer::records_[abi:cxx11]â€™æœªå®šä¹‰çš„å¼•ç”¨
estimator_node.cpp:(.text._ZN10faster_lio5Timer8EvaluateIZN8Fast_lio8ObsModelERNS_11state_ikfomERN7esekfom20dyn_share_datastructIdEEEUlvE_EEvOT_RKNSt7__cxx1112basic_stringIcSt11char_traitsIcESaIcEEE[_ZN10faster_lio5Timer8EvaluateIZN8Fast_lio8ObsModelERNS_11state_ikfomERN7esekfom20dyn_share_datastructIdEEEUlvE_EEvOT_RKNSt7__cxx1112basic_stringIcSt11char_traitsIcESaIcEEE]+0x3ca)ï¼šå¯¹â€˜faster_lio::Timer::records_[abi:cxx11]â€™æœªå®šä¹‰çš„å¼•ç”¨
CMakeFiles/r2live.dir/src/estimator_node.cpp.o:estimator_node.cpp:(.text._ZN10faster_lio5Timer8EvaluateIZN8Fast_lio8ObsModelERNS_11state_ikfomERN7esekfom20dyn_share_datastructIdEEEUlvE_EEvOT_RKNSt7__cxx1112basic_stringIcSt11char_traitsIcESaIcEEE[_ZN10faster_lio5Timer8EvaluateIZN8Fast_lio8ObsModelERNS_11state_ikfomERN7esekfom20dyn_share_datastructIdEEEUlvE_EEvOT_RKNSt7__cxx1112basic_stringIcSt11char_traitsIcESaIcEEE]+0x419): è·Ÿç€æ›´å¤šæœªå®šä¹‰çš„å‚è€ƒåˆ° faster_lio::Timer::records_[abi:cxx11]
CMakeFiles/r2live.dir/src/estimator_node.cpp.oï¼šåœ¨å‡½æ•°â€˜Fast_lio::Fast_lio()â€™ä¸­ï¼š
estimator_node.cpp:(.text._ZN8Fast_lioC2Ev[_ZN8Fast_lioC5Ev]+0x1552)ï¼šå¯¹â€˜faster_lio::options::NUM_MAX_ITERATIONSâ€™æœªå®šä¹‰çš„å¼•ç”¨
CMakeFiles/r2live.dir/src/estimator_node.cpp.oï¼šåœ¨å‡½æ•°â€˜Fast_lio::ObsModel(faster_lio::state_ikfom&, esekfom::dyn_share_datastruct<double>&)::{lambda()#1}::operator()() const::{lambda(unsigned long const&)#1}::operator()(unsigned long const) constâ€™ä¸­ï¼š
estimator_node.cpp:(.text._ZZZN8Fast_lio8ObsModelERN10faster_lio11state_ikfomERN7esekfom20dyn_share_datastructIdEEENKUlvE_clEvENKUlRKmE_clES9_[_ZZZN8Fast_lio8ObsModelERN10faster_lio11state_ikfomERN7esekfom20dyn_share_datastructIdEEENKUlvE_clEvENKUlRKmE_clES9_]+0x30e)ï¼šå¯¹â€˜faster_lio::options::ESTI_PLANE_THRESHOLDâ€™æœªå®šä¹‰çš„å¼•ç”¨
collect2: error: ld returned 1 exit status
make[2]: *** [/home/neu1/gzh/slam/r2/devel/lib/r2live/r2live] Error 1
make[1]: *** [r2live-master/r2live/CMakeFiles/r2live.dir/all] Error 2
make: *** [all] Error 2
[31mInvoking [1m"make -j16 -l16"[22m failed[0m
